<?xml version="1.0" encoding="UTF-8"?>
<!-- Generated by org.testng.reporters.JUnitXMLReporter -->
<testsuite hostname="Zannatul-PC" tests="4" failures="0" timestamp="14 Feb 2014 00:51:31 GMT" time="2.599" errors="0">
  <testcase name="@BeforeMethod start" time="0.0" classname="Demo1Test">
    <failure type="org.openqa.selenium.remote.UnreachableBrowserException" message="Could not start a new session. Possible causes are invalid address of the remote server or browser start-up failure.
Build info: version: &amp;apos;2.37.1&amp;apos;, revision: &amp;apos;a7c61cbd68657e133ae96672cf995890bad2ee42&amp;apos;, time: &amp;apos;2013-10-21 09:08:07&amp;apos;
System info: host: &amp;apos;Zannatul-PC&amp;apos;, ip: &amp;apos;192.168.75.1&amp;apos;, os.name: &amp;apos;Windows 7&amp;apos;, os.arch: &amp;apos;amd64&amp;apos;, os.version: &amp;apos;6.1&amp;apos;, java.version: &amp;apos;1.7.0_45&amp;apos;
Driver info: driver.version: RemoteWebDriver">
      <![CDATA[org.openqa.selenium.remote.UnreachableBrowserException: Could not start a new session. Possible causes are invalid address of the remote server or browser start-up failure.
Build info: version: '2.37.1', revision: 'a7c61cbd68657e133ae96672cf995890bad2ee42', time: '2013-10-21 09:08:07'
System info: host: 'Zannatul-PC', ip: '192.168.75.1', os.name: 'Windows 7', os.arch: 'amd64', os.version: '6.1', java.version: '1.7.0_45'
Driver info: driver.version: RemoteWebDriver
	at org.openqa.selenium.remote.RemoteWebDriver.execute(RemoteWebDriver.java:548)
	at org.openqa.selenium.remote.RemoteWebDriver.startSession(RemoteWebDriver.java:216)
	at org.openqa.selenium.remote.RemoteWebDriver.<init>(RemoteWebDriver.java:111)
	at org.openqa.selenium.remote.RemoteWebDriver.<init>(RemoteWebDriver.java:129)
	at BaseTest.start(BaseTest.java:31)
Caused by: java.net.ConnectException: Connection refused: connect
	at java.net.DualStackPlainSocketImpl.waitForConnect(Native Method)
	at java.net.DualStackPlainSocketImpl.socketConnect(Unknown Source)
	at java.net.AbstractPlainSocketImpl.doConnect(Unknown Source)
	at java.net.AbstractPlainSocketImpl.connectToAddress(Unknown Source)
	at java.net.AbstractPlainSocketImpl.connect(Unknown Source)
	at java.net.PlainSocketImpl.connect(Unknown Source)
	at java.net.SocksSocketImpl.connect(Unknown Source)
	at java.net.Socket.connect(Unknown Source)
	at org.apache.http.conn.scheme.PlainSocketFactory.connectSocket(PlainSocketFactory.java:117)
	at org.apache.http.impl.conn.DefaultClientConnectionOperator.openConnection(DefaultClientConnectionOperator.java:178)
	at org.apache.http.impl.conn.AbstractPoolEntry.open(AbstractPoolEntry.java:144)
	at org.apache.http.impl.conn.AbstractPooledConnAdapter.open(AbstractPooledConnAdapter.java:131)
	at org.apache.http.impl.client.DefaultRequestDirector.tryConnect(DefaultRequestDirector.java:610)
	at org.apache.http.impl.client.DefaultRequestDirector.execute(DefaultRequestDirector.java:445)
	at org.apache.http.impl.client.AbstractHttpClient.doExecute(AbstractHttpClient.java:863)
	at org.apache.http.impl.client.CloseableHttpClient.execute(CloseableHttpClient.java:72)
	at org.apache.http.impl.client.CloseableHttpClient.execute(CloseableHttpClient.java:57)
	at org.openqa.selenium.remote.HttpCommandExecutor.fallBackExecute(HttpCommandExecutor.java:319)
	at org.openqa.selenium.remote.HttpCommandExecutor.execute(HttpCommandExecutor.java:298)
	at org.openqa.selenium.remote.RemoteWebDriver.execute(RemoteWebDriver.java:527)
	... 40 more
... Removed 36 stack frames]]>
    </failure>
  </testcase> <!-- @BeforeMethod start -->
  <testcase name="@AfterMethod end" time="0.0" classname="Demo1Test">
    <skipped/>
  </testcase> <!-- @AfterMethod end -->
  <testcase name="@BeforeMethod start" time="0.0" classname="Demo2Test">
    <skipped/>
  </testcase> <!-- @BeforeMethod start -->
  <testcase name="@AfterMethod end" time="0.0" classname="Demo2Test">
    <skipped/>
  </testcase> <!-- @AfterMethod end -->
  <testcase name="@BeforeMethod start" time="0.0" classname="Demo3Test">
    <skipped/>
  </testcase> <!-- @BeforeMethod start -->
  <testcase name="@AfterMethod end" time="0.0" classname="Demo3Test">
    <skipped/>
  </testcase> <!-- @AfterMethod end -->
  <testcase name="@BeforeMethod start" time="0.0" classname="Demo4Test">
    <skipped/>
  </testcase> <!-- @BeforeMethod start -->
  <testcase name="@AfterMethod end" time="0.0" classname="Demo4Test">
    <skipped/>
  </testcase> <!-- @AfterMethod end -->
  <testcase name="testLink" time="0.002" classname="Demo1Test">
    <skipped/>
  </testcase> <!-- testLink -->
  <testcase name="testLink" time="0.001" classname="Demo2Test">
    <skipped/>
  </testcase> <!-- testLink -->
  <testcase name="testLink" time="0.0" classname="Demo3Test">
    <skipped/>
  </testcase> <!-- testLink -->
  <testcase name="testLink" time="0.0" classname="Demo4Test">
    <skipped/>
  </testcase> <!-- testLink -->
</testsuite>
